0 info it worked if it ends with ok
1 verbose cli [ '/home/codio/.nvm/v0.10.25/bin/node',
1 verbose cli   '/home/codio/.nvm/v0.10.25/bin/npm',
1 verbose cli   'install',
1 verbose cli   '-g',
1 verbose cli   'ungit@master' ]
2 info using npm@1.3.24
3 info using node@v0.10.25
4 verbose cache add [ 'ungit@master', null ]
5 verbose cache add name=undefined spec="ungit@master" args=["ungit@master",null]
6 verbose parsed url { protocol: null,
6 verbose parsed url   slashes: null,
6 verbose parsed url   auth: null,
6 verbose parsed url   host: null,
6 verbose parsed url   port: null,
6 verbose parsed url   hostname: null,
6 verbose parsed url   hash: null,
6 verbose parsed url   search: null,
6 verbose parsed url   query: null,
6 verbose parsed url   pathname: 'ungit@master',
6 verbose parsed url   path: 'ungit@master',
6 verbose parsed url   href: 'ungit@master' }
7 verbose cache add name="ungit" spec="master" args=["ungit","master"]
8 verbose parsed url { protocol: null,
8 verbose parsed url   slashes: null,
8 verbose parsed url   auth: null,
8 verbose parsed url   host: null,
8 verbose parsed url   port: null,
8 verbose parsed url   hostname: null,
8 verbose parsed url   hash: null,
8 verbose parsed url   search: null,
8 verbose parsed url   query: null,
8 verbose parsed url   pathname: 'master',
8 verbose parsed url   path: 'master',
8 verbose parsed url   href: 'master' }
9 verbose addNamed [ 'ungit', 'master' ]
10 verbose addNamed [ null, null ]
11 silly lockFile 78e04fc3-ungit-master ungit@master
12 verbose lock ungit@master /home/codio/.npm/78e04fc3-ungit-master.lock
13 info addNameTag [ 'ungit', 'master' ]
14 verbose url raw ungit
15 verbose url resolving [ 'https://registry.npmjs.org/', './ungit' ]
16 verbose url resolved https://registry.npmjs.org/ungit
17 info trying registry request attempt 1 at 04:31:27
18 verbose etag "DEMRUJXK0UFK0LDHT7GX82FPK"
19 http GET https://registry.npmjs.org/ungit
20 http 304 https://registry.npmjs.org/ungit
21 silly registry.get cb [ 304,
21 silly registry.get   { date: 'Wed, 19 Nov 2014 04:31:27 GMT',
21 silly registry.get     server: 'Apache',
21 silly registry.get     via: '1.1 varnish',
21 silly registry.get     'last-modified': 'Wed, 19 Nov 2014 04:31:27 GMT',
21 silly registry.get     'cache-control': 'max-age=60',
21 silly registry.get     etag: '"DEMRUJXK0UFK0LDHT7GX82FPK"',
21 silly registry.get     age: '0',
21 silly registry.get     'x-served-by': 'cache-atl6222-ATL',
21 silly registry.get     'x-cache': 'MISS',
21 silly registry.get     'x-cache-hits': '0',
21 silly registry.get     'x-timer': 'S1416371487.404541,VS0,VE217',
21 silly registry.get     vary: 'Accept',
21 silly registry.get     'content-length': '0',
21 silly registry.get     'keep-alive': 'timeout=10, max=50',
21 silly registry.get     connection: 'Keep-Alive' } ]
22 verbose etag ungit from cache
23 silly lockFile 78e04fc3-ungit-master ungit@master
24 silly lockFile 78e04fc3-ungit-master ungit@master
25 error notarget No compatible version found: ungit@'master'
25 error notarget Valid install targets:
25 error notarget ["0.1.0","0.1.1","0.1.2","0.1.3","0.1.4","0.1.5","0.1.6","0.1.7","0.1.8","0.1.9","0.2.0","0.2.1","0.3.0","0.3.1","0.3.2","0.4.0","0.5.0","0.6.0","0.6.1","0.6.2","0.7.0","0.7.1","0.7.2","0.8.0","0.8.1","0.8.2","0.8.3"]
25 error notarget
25 error notarget This is most likely not a problem with npm itself.
25 error notarget In most cases you or one of your dependencies are requesting
25 error notarget a package version that doesn't exist.
26 error System Linux 3.16.0-23-generic
27 error command "/home/codio/.nvm/v0.10.25/bin/node" "/home/codio/.nvm/v0.10.25/bin/npm" "install" "-g" "ungit@master"
28 error cwd /home/codio/workspace
29 error node -v v0.10.25
30 error npm -v 1.3.24
31 error code ETARGET
32 verbose exit [ 1, true ]
